\BOOKMARK [1][-]{section.1}{\376\377\000D\000e\000f\000i\000n\000i\000c\000i\000\363\000n\000\040\000y\000\040\000C\000o\000n\000c\000e\000p\000t\000o\000s\000\040\000C\000l\000a\000v\000e}{}% 1
\BOOKMARK [1][-]{section.2}{\376\377\000H\000i\000s\000t\000o\000r\000i\000a\000\040\000D\000L}{}% 2
\BOOKMARK [1][-]{section.3}{\376\377\000F\000a\000c\000t\000o\000r\000e\000s\000\040\000d\000e\000l\000\040\000A\000u\000g\000e\000\040\000A\000c\000t\000u\000a\000l}{}% 3
\BOOKMARK [1][-]{section.4}{\376\377\000A\000p\000l\000i\000c\000a\000c\000i\000o\000n\000e\000s\000\040\000P\000r\000i\000n\000c\000i\000p\000a\000l\000e\000s}{}% 4
\BOOKMARK [1][-]{section.5}{\376\377\000D\000e\000s\000a\000f\000\355\000o\000s\000\040\000y\000\040\000\311\000t\000i\000c\000a}{}% 5
\BOOKMARK [2][-]{subsection.5.1}{\376\377\000D\000e\000s\000a\000f\000\355\000o\000s\000\040\000T\000\351\000c\000n\000i\000c\000o\000s}{section.5}% 6
\BOOKMARK [2][-]{subsection.5.2}{\376\377\000C\000o\000n\000s\000i\000d\000e\000r\000a\000c\000i\000o\000n\000e\000s\000\040\000\311\000t\000i\000c\000a\000s}{section.5}% 7
\BOOKMARK [1][-]{section.6}{\376\377\000E\000l\000\040\000P\000e\000r\000c\000e\000p\000t\000r\000\363\000n\000:\000\040\000L\000a\000\040\000U\000n\000i\000d\000a\000d\000\040\000B\000\341\000s\000i\000c\000a\000\040\000d\000e\000\040\000l\000a\000s\000\040\000R\000e\000d\000e\000s\000\040\000N\000e\000u\000r\000o\000n\000a\000l\000e\000s}{}% 8
\BOOKMARK [2][-]{subsection.6.1}{\376\377\000E\000s\000t\000r\000u\000c\000t\000u\000r\000a\000\040\000d\000e\000l\000\040\000P\000e\000r\000c\000e\000p\000t\000r\000\363\000n}{section.6}% 9
\BOOKMARK [2][-]{subsection.6.2}{\376\377\000S\000a\000l\000i\000d\000a\000\040\000d\000e\000l\000\040\000P\000e\000r\000c\000e\000p\000t\000r\000\363\000n}{section.6}% 10
\BOOKMARK [2][-]{subsection.6.3}{\376\377\000F\000o\000r\000m\000a\000\040\000M\000a\000t\000r\000i\000c\000i\000a\000l}{section.6}% 11
\BOOKMARK [2][-]{subsection.6.4}{\376\377\000L\000i\000m\000i\000t\000a\000c\000i\000o\000n\000e\000s\000\040\000d\000e\000l\000\040\000P\000e\000r\000c\000e\000p\000t\000r\000\363\000n\000\040\000S\000i\000m\000p\000l\000e}{section.6}% 12
\BOOKMARK [1][-]{section.7}{\376\377\000F\000u\000n\000c\000i\000o\000n\000e\000s\000\040\000d\000e\000\040\000A\000c\000t\000i\000v\000a\000c\000i\000\363\000n}{}% 13
\BOOKMARK [2][-]{subsection.7.1}{\376\377\000\277\000P\000o\000r\000\040\000Q\000u\000\351\000\040\000N\000e\000c\000e\000s\000i\000t\000a\000m\000o\000s\000\040\000F\000u\000n\000c\000i\000o\000n\000e\000s\000\040\000d\000e\000\040\000A\000c\000t\000i\000v\000a\000c\000i\000\363\000n\000?}{section.7}% 14
\BOOKMARK [2][-]{subsection.7.2}{\376\377\000C\000a\000r\000a\000c\000t\000e\000r\000\355\000s\000t\000i\000c\000a\000s\000\040\000C\000l\000a\000v\000e\000\040\000d\000e\000\040\000l\000a\000s\000\040\000F\000u\000n\000c\000i\000o\000n\000e\000s\000\040\000d\000e\000\040\000A\000c\000t\000i\000v\000a\000c\000i\000\363\000n}{section.7}% 15
\BOOKMARK [2][-]{subsection.7.3}{\376\377\000F\000u\000n\000c\000i\000o\000n\000e\000s\000\040\000d\000e\000\040\000A\000c\000t\000i\000v\000a\000c\000i\000\363\000n\000\040\000C\000o\000m\000u\000n\000e\000s}{section.7}% 16
\BOOKMARK [2][-]{subsection.7.4}{\376\377\000U\000s\000o\000\040\000e\000n\000\040\000C\000a\000p\000a\000s\000\040\000d\000e\000\040\000S\000a\000l\000i\000d\000a\000\040\000v\000s\000.\000\040\000C\000a\000p\000a\000s\000\040\000O\000c\000u\000l\000t\000a\000s}{section.7}% 17
\BOOKMARK [1][-]{section.8}{\376\377\000R\000e\000d\000e\000s\000\040\000N\000e\000u\000r\000o\000n\000a\000l\000e\000s\000\040\000T\000o\000t\000a\000l\000m\000e\000n\000t\000e\000\040\000C\000o\000n\000e\000c\000t\000a\000d\000a\000s\000\040\000\050\000F\000u\000l\000l\000y\000\040\000C\000o\000n\000n\000e\000c\000t\000e\000d\000\040\000N\000e\000t\000w\000o\000r\000k\000s\000\051}{}% 18
\BOOKMARK [2][-]{subsection.8.1}{\376\377\000C\000a\000p\000a\000s\000\040\000T\000o\000t\000a\000l\000m\000e\000n\000t\000e\000\040\000C\000o\000n\000e\000c\000t\000a\000d\000a\000s}{section.8}% 19
\BOOKMARK [2][-]{subsection.8.2}{\376\377\000C\000o\000n\000s\000t\000r\000u\000c\000c\000i\000\363\000n\000\040\000d\000e\000\040\000u\000n\000a\000\040\000R\000e\000d\000\040\000T\000o\000t\000a\000l\000m\000e\000n\000t\000e\000\040\000C\000o\000n\000e\000c\000t\000a\000d\000a}{section.8}% 20
\BOOKMARK [2][-]{subsection.8.3}{\376\377\000F\000l\000u\000j\000o\000\040\000d\000e\000\040\000I\000n\000f\000o\000r\000m\000a\000c\000i\000\363\000n\000\040\000\050\000F\000o\000r\000w\000a\000r\000d\000\040\000P\000a\000s\000s\000\051}{section.8}% 21
\BOOKMARK [2][-]{subsection.8.4}{\376\377\000G\000e\000n\000e\000r\000a\000l\000i\000z\000a\000c\000i\000\363\000n\000\040\000a\000\040\000M\000\372\000l\000t\000i\000p\000l\000e\000s\000\040\000C\000a\000p\000a\000s}{section.8}% 22
\BOOKMARK [2][-]{subsection.8.5}{\376\377\000M\000u\000l\000t\000i\000p\000l\000i\000c\000a\000c\000i\000\363\000n\000\040\000d\000e\000\040\000M\000a\000t\000r\000i\000c\000e\000s}{section.8}% 23
\BOOKMARK [2][-]{subsection.8.6}{\376\377\000S\000i\000m\000p\000l\000i\000f\000i\000c\000a\000c\000i\000\363\000n\000\040\000d\000e\000\040\000l\000a\000\040\000N\000o\000t\000a\000c\000i\000\363\000n\000\040\000\050\000O\000p\000c\000i\000o\000n\000a\000l\000\051}{section.8}% 24
\BOOKMARK [2][-]{subsection.8.7}{\376\377\000N\000\372\000m\000e\000r\000o\000\040\000d\000e\000\040\000P\000a\000r\000\341\000m\000e\000t\000r\000o\000s}{section.8}% 25
\BOOKMARK [1][-]{section.9}{\376\377\000F\000u\000n\000c\000i\000\363\000n\000\040\000d\000e\000\040\000P\000\351\000r\000d\000i\000d\000a\000\040\000\050\000L\000o\000s\000s\000\040\000F\000u\000n\000c\000t\000i\000o\000n\000\051\000:\000\040\000M\000i\000d\000i\000e\000n\000d\000o\000\040\000e\000l\000\040\000E\000r\000r\000o\000r}{}% 26
\BOOKMARK [2][-]{subsection.9.1}{\376\377\000\277\000Q\000u\000\351\000\040\000e\000s\000\040\000l\000a\000\040\000F\000u\000n\000c\000i\000\363\000n\000\040\000d\000e\000\040\000P\000\351\000r\000d\000i\000d\000a\000?}{section.9}% 27
\BOOKMARK [2][-]{subsection.9.2}{\376\377\000C\000a\000r\000a\000c\000t\000e\000r\000\355\000s\000t\000i\000c\000a\000s\000\040\000d\000e\000\040\000u\000n\000a\000\040\000B\000u\000e\000n\000a\000\040\000F\000u\000n\000c\000i\000\363\000n\000\040\000d\000e\000\040\000P\000\351\000r\000d\000i\000d\000a}{section.9}% 28
\BOOKMARK [2][-]{subsection.9.3}{\376\377\000U\000n\000\040\000E\000j\000e\000m\000p\000l\000o\000\040\000P\000r\000\341\000c\000t\000i\000c\000o\000:\000\040\000L\000a\000\040\000P\000u\000e\000r\000t\000a\000\040\000X\000O\000R}{section.9}% 29
\BOOKMARK [2][-]{subsection.9.4}{\376\377\000T\000i\000p\000o\000s\000\040\000d\000e\000\040\000F\000u\000n\000c\000i\000o\000n\000e\000s\000\040\000d\000e\000\040\000P\000\351\000r\000d\000i\000d\000a}{section.9}% 30
\BOOKMARK [3][-]{subsubsection.9.4.1}{\376\377\000C\000l\000a\000s\000i\000f\000i\000c\000a\000c\000i\000\363\000n}{subsection.9.4}% 31
\BOOKMARK [3][-]{subsubsection.9.4.2}{\376\377\000R\000e\000g\000r\000e\000s\000i\000\363\000n}{subsection.9.4}% 32
\BOOKMARK [2][-]{subsection.9.5}{\376\377\000I\000n\000t\000e\000r\000p\000r\000e\000t\000a\000c\000i\000\363\000n\000\040\000d\000e\000\040\000l\000a\000\040\000F\000u\000n\000c\000i\000\363\000n\000\040\000d\000e\000\040\000P\000\351\000r\000d\000i\000d\000a}{section.9}% 33
\BOOKMARK [1][-]{section.10}{\376\377\000D\000e\000s\000c\000e\000n\000s\000o\000\040\000d\000e\000\040\000G\000r\000a\000d\000i\000e\000n\000t\000e\000\040\000y\000\040\000R\000e\000t\000r\000o\000p\000r\000o\000p\000a\000g\000a\000c\000i\000\363\000n\000\040\000\050\000B\000a\000c\000k\000p\000r\000o\000p\000a\000g\000a\000t\000i\000o\000n\000\051}{}% 34
\BOOKMARK [2][-]{subsection.10.1}{\376\377\000E\000n\000t\000r\000e\000n\000a\000m\000i\000e\000n\000t\000o\000\040\000d\000e\000\040\000u\000n\000a\000\040\000R\000e\000d\000\040\000N\000e\000u\000r\000o\000n\000a\000l\000:\000\040\000E\000l\000\040\000O\000b\000j\000e\000t\000i\000v\000o}{section.10}% 35
\BOOKMARK [2][-]{subsection.10.2}{\376\377\000D\000e\000s\000c\000e\000n\000s\000o\000\040\000d\000e\000\040\000G\000r\000a\000d\000i\000e\000n\000t\000e\000\040\000\050\000G\000r\000a\000d\000i\000e\000n\000t\000\040\000D\000e\000s\000c\000e\000n\000t\000\051}{section.10}% 36
\BOOKMARK [3][-]{subsubsection.10.2.1}{\376\377\000E\000l\000\040\000G\000r\000a\000d\000i\000e\000n\000t\000e}{subsection.10.2}% 37
\BOOKMARK [3][-]{subsubsection.10.2.2}{\376\377\000E\000l\000\040\000A\000l\000g\000o\000r\000i\000t\000m\000o}{subsection.10.2}% 38
\BOOKMARK [3][-]{subsubsection.10.2.3}{\376\377\000T\000a\000s\000a\000\040\000d\000e\000\040\000A\000p\000r\000e\000n\000d\000i\000z\000a\000j\000e\000\040\000\050\000L\000e\000a\000r\000n\000i\000n\000g\000\040\000R\000a\000t\000e\000\051}{subsection.10.2}% 39
\BOOKMARK [3][-]{subsubsection.10.2.4}{\376\377\000I\000n\000i\000c\000i\000a\000l\000i\000z\000a\000c\000i\000\363\000n\000\040\000d\000e\000\040\000P\000e\000s\000o\000s}{subsection.10.2}% 40
\BOOKMARK [2][-]{subsection.10.3}{\376\377\000R\000e\000t\000r\000o\000p\000r\000o\000p\000a\000g\000a\000c\000i\000\363\000n\000\040\000\050\000B\000a\000c\000k\000p\000r\000o\000p\000a\000g\000a\000t\000i\000o\000n\000\051}{section.10}% 41
\BOOKMARK [3][-]{subsubsection.10.3.1}{\376\377\000L\000a\000\040\000R\000e\000g\000l\000a\000\040\000d\000e\000\040\000l\000a\000\040\000C\000a\000d\000e\000n\000a}{subsection.10.3}% 42
\BOOKMARK [3][-]{subsubsection.10.3.2}{\376\377\000A\000p\000l\000i\000c\000a\000c\000i\000\363\000n\000\040\000a\000\040\000l\000a\000\040\000R\000e\000d\000\040\000N\000e\000u\000r\000o\000n\000a\000l}{subsection.10.3}% 43
\BOOKMARK [2][-]{subsection.10.4}{\376\377\000T\000i\000p\000o\000s\000\040\000d\000e\000\040\000D\000e\000s\000c\000e\000n\000s\000o\000\040\000d\000e\000\040\000G\000r\000a\000d\000i\000e\000n\000t\000e}{section.10}% 44
\BOOKMARK [1][-]{section.11}{\376\377\000E\000l\000\040\000P\000r\000o\000b\000l\000e\000m\000a\000\040\000d\000e\000l\000\040\000D\000e\000s\000v\000a\000n\000e\000c\000i\000m\000i\000e\000n\000t\000o\000\040\000d\000e\000l\000\040\000G\000r\000a\000d\000i\000e\000n\000t\000e\000\040\000\050\000V\000a\000n\000i\000s\000h\000i\000n\000g\000\040\000G\000r\000a\000d\000i\000e\000n\000t\000\040\000P\000r\000o\000b\000l\000e\000m\000\051}{}% 45
\BOOKMARK [2][-]{subsection.11.1}{\376\377\000\277\000Q\000u\000\351\000\040\000e\000s\000\040\000e\000l\000\040\000D\000e\000s\000v\000a\000n\000e\000c\000i\000m\000i\000e\000n\000t\000o\000\040\000d\000e\000l\000\040\000G\000r\000a\000d\000i\000e\000n\000t\000e\000?}{section.11}% 46
\BOOKMARK [2][-]{subsection.11.2}{\376\377\000C\000a\000u\000s\000a\000s\000\040\000d\000e\000l\000\040\000D\000e\000s\000v\000a\000n\000e\000c\000i\000m\000i\000e\000n\000t\000o\000\040\000d\000e\000l\000\040\000G\000r\000a\000d\000i\000e\000n\000t\000e}{section.11}% 47
\BOOKMARK [2][-]{subsection.11.3}{\376\377\000C\000o\000n\000s\000e\000c\000u\000e\000n\000c\000i\000a\000s}{section.11}% 48
\BOOKMARK [2][-]{subsection.11.4}{\376\377\000S\000o\000l\000u\000c\000i\000o\000n\000e\000s}{section.11}% 49
\BOOKMARK [1][-]{section.12}{\376\377\000E\000n\000t\000r\000e\000n\000a\000m\000i\000e\000n\000t\000o\000\040\000d\000e\000\040\000u\000n\000a\000\040\000R\000e\000d\000\040\000N\000e\000u\000r\000o\000n\000a\000l}{}% 50
\BOOKMARK [2][-]{subsection.12.1}{\376\377\000P\000a\000s\000o\000s\000\040\000P\000r\000e\000v\000i\000o\000s\000\040\000a\000l\000\040\000E\000n\000t\000r\000e\000n\000a\000m\000i\000e\000n\000t\000o}{section.12}% 51
\BOOKMARK [2][-]{subsection.12.2}{\376\377\000E\000l\000\040\000C\000i\000c\000l\000o\000\040\000d\000e\000\040\000E\000n\000t\000r\000e\000n\000a\000m\000i\000e\000n\000t\000o}{section.12}% 52
\BOOKMARK [2][-]{subsection.12.3}{\376\377\000E\000v\000a\000l\000u\000a\000c\000i\000\363\000n\000\040\000F\000i\000n\000a\000l}{section.12}% 53
\BOOKMARK [1][-]{section.13}{\376\377\000A\000l\000g\000o\000r\000i\000t\000m\000o\000s\000\040\000d\000e\000\040\000O\000p\000t\000i\000m\000i\000z\000a\000c\000i\000\363\000n}{}% 54
\BOOKMARK [2][-]{subsection.13.1}{\376\377\000R\000e\000p\000a\000s\000o\000\040\000d\000e\000l\000\040\000D\000e\000s\000c\000e\000n\000s\000o\000\040\000d\000e\000\040\000G\000r\000a\000d\000i\000e\000n\000t\000e}{section.13}% 55
\BOOKMARK [2][-]{subsection.13.2}{\376\377\000D\000e\000s\000c\000e\000n\000s\000o\000\040\000d\000e\000\040\000G\000r\000a\000d\000i\000e\000n\000t\000e\000\040\000c\000o\000n\000\040\000M\000o\000m\000e\000n\000t\000o\000\040\000\050\000M\000o\000m\000e\000n\000t\000u\000m\000\051}{section.13}% 56
\BOOKMARK [2][-]{subsection.13.3}{\376\377\000A\000d\000a\000m\000\040\000\050\000A\000d\000a\000p\000t\000i\000v\000e\000\040\000M\000o\000m\000e\000n\000t\000\040\000E\000s\000t\000i\000m\000a\000t\000i\000o\000n\000\051}{section.13}% 57
\BOOKMARK [2][-]{subsection.13.4}{\376\377\000O\000t\000r\000o\000s\000\040\000A\000l\000g\000o\000r\000i\000t\000m\000o\000s\000\040\000d\000e\000\040\000O\000p\000t\000i\000m\000i\000z\000a\000c\000i\000\363\000n}{section.13}% 58
\BOOKMARK [1][-]{section.14}{\376\377\000E\000l\000\040\000C\000o\000m\000p\000r\000o\000m\000i\000s\000o\000\040\000S\000e\000s\000g\000o\000-\000V\000a\000r\000i\000a\000n\000z\000a\000\040\000\050\000B\000i\000a\000s\000-\000V\000a\000r\000i\000a\000n\000c\000e\000\040\000T\000r\000a\000d\000e\000o\000f\000f\000\051}{}% 59
\BOOKMARK [2][-]{subsection.14.1}{\376\377\000S\000e\000s\000g\000o\000\040\000\050\000B\000i\000a\000s\000\051}{section.14}% 60
\BOOKMARK [2][-]{subsection.14.2}{\376\377\000V\000a\000r\000i\000a\000n\000z\000a\000\040\000\050\000V\000a\000r\000i\000a\000n\000c\000e\000\051}{section.14}% 61
\BOOKMARK [2][-]{subsection.14.3}{\376\377\000E\000l\000\040\000C\000o\000m\000p\000r\000o\000m\000i\000s\000o}{section.14}% 62
\BOOKMARK [2][-]{subsection.14.4}{\376\377\000R\000e\000p\000r\000e\000s\000e\000n\000t\000a\000c\000i\000\363\000n\000\040\000G\000r\000\341\000f\000i\000c\000a}{section.14}% 63
\BOOKMARK [2][-]{subsection.14.5}{\376\377\000C\000o\000m\000p\000r\000o\000m\000i\000s\000o\000\040\000S\000e\000s\000g\000o\000-\000V\000a\000r\000i\000a\000n\000z\000a\000\040\000y\000\040\000R\000e\000d\000e\000s\000\040\000N\000e\000u\000r\000o\000n\000a\000l\000e\000s}{section.14}% 64
\BOOKMARK [2][-]{subsection.14.6}{\376\377\000T\000\351\000c\000n\000i\000c\000a\000s\000\040\000p\000a\000r\000a\000\040\000A\000b\000o\000r\000d\000a\000r\000\040\000e\000l\000\040\000C\000o\000m\000p\000r\000o\000m\000i\000s\000o\000\040\000S\000e\000s\000g\000o\000-\000V\000a\000r\000i\000a\000n\000z\000a}{section.14}% 65
\BOOKMARK [1][-]{section.15}{\376\377\000R\000e\000g\000u\000l\000a\000r\000i\000z\000a\000c\000i\000\363\000n\000:\000\040\000L\0001\000,\000\040\000L\0002\000\040\000y\000\040\000D\000r\000o\000p\000o\000u\000t}{}% 66
\BOOKMARK [2][-]{subsection.15.1}{\376\377\000\277\000Q\000u\000\351\000\040\000e\000s\000\040\000l\000a\000\040\000R\000e\000g\000u\000l\000a\000r\000i\000z\000a\000c\000i\000\363\000n\000?}{section.15}% 67
\BOOKMARK [2][-]{subsection.15.2}{\376\377\000R\000e\000g\000u\000l\000a\000r\000i\000z\000a\000c\000i\000\363\000n\000\040\000L\0001\000\040\000\050\000L\000a\000s\000s\000o\000\051}{section.15}% 68
\BOOKMARK [2][-]{subsection.15.3}{\376\377\000R\000e\000g\000u\000l\000a\000r\000i\000z\000a\000c\000i\000\363\000n\000\040\000L\0002\000\040\000\050\000R\000i\000d\000g\000e\000\051}{section.15}% 69
\BOOKMARK [2][-]{subsection.15.4}{\376\377\000C\000o\000m\000p\000a\000r\000a\000c\000i\000\363\000n\000\040\000e\000n\000t\000r\000e\000\040\000L\0001\000\040\000y\000\040\000L\0002}{section.15}% 70
\BOOKMARK [2][-]{subsection.15.5}{\376\377\000D\000r\000o\000p\000o\000u\000t}{section.15}% 71
\BOOKMARK [1][-]{section.16}{\376\377\000B\000a\000t\000c\000h\000\040\000N\000o\000r\000m\000a\000l\000i\000z\000a\000t\000i\000o\000n}{}% 72
\BOOKMARK [2][-]{subsection.16.1}{\376\377\000E\000l\000\040\000P\000r\000o\000b\000l\000e\000m\000a\000\040\000d\000e\000l\000\040\000I\000n\000t\000e\000r\000n\000a\000l\000\040\000C\000o\000v\000a\000r\000i\000a\000t\000e\000\040\000S\000h\000i\000f\000t}{section.16}% 73
\BOOKMARK [2][-]{subsection.16.2}{\376\377\000\277\000C\000\363\000m\000o\000\040\000F\000u\000n\000c\000i\000o\000n\000a\000\040\000B\000a\000t\000c\000h\000\040\000N\000o\000r\000m\000a\000l\000i\000z\000a\000t\000i\000o\000n\000?}{section.16}% 74
\BOOKMARK [2][-]{subsection.16.3}{\376\377\000B\000a\000t\000c\000h\000\040\000N\000o\000r\000m\000a\000l\000i\000z\000a\000t\000i\000o\000n\000\040\000e\000n\000\040\000l\000a\000\040\000F\000a\000s\000e\000\040\000d\000e\000\040\000I\000n\000f\000e\000r\000e\000n\000c\000i\000a\000\040\000\050\000T\000e\000s\000t\000\051}{section.16}% 75
\BOOKMARK [2][-]{subsection.16.4}{\376\377\000P\000o\000s\000i\000c\000i\000\363\000n\000\040\000d\000e\000\040\000l\000a\000\040\000C\000a\000p\000a\000\040\000d\000e\000\040\000B\000a\000t\000c\000h\000\040\000N\000o\000r\000m\000a\000l\000i\000z\000a\000t\000i\000o\000n}{section.16}% 76
\BOOKMARK [2][-]{subsection.16.5}{\376\377\000B\000e\000n\000e\000f\000i\000c\000i\000o\000s\000\040\000d\000e\000\040\000B\000a\000t\000c\000h\000\040\000N\000o\000r\000m\000a\000l\000i\000z\000a\000t\000i\000o\000n}{section.16}% 77
\BOOKMARK [1][-]{section.17}{\376\377\000O\000t\000r\000a\000s\000\040\000E\000s\000t\000r\000a\000t\000e\000g\000i\000a\000s\000\040\000I\000m\000p\000o\000r\000t\000a\000n\000t\000e\000s\000\040\000e\000n\000\040\000e\000l\000\040\000E\000n\000t\000r\000e\000n\000a\000m\000i\000e\000n\000t\000o\000\040\000d\000e\000\040\000R\000e\000d\000e\000s\000\040\000N\000e\000u\000r\000o\000n\000a\000l\000e\000s}{}% 78
\BOOKMARK [2][-]{subsection.17.1}{\376\377\000P\000a\000r\000a\000d\000a\000\040\000T\000e\000m\000p\000r\000a\000n\000a\000\040\000\050\000E\000a\000r\000l\000y\000\040\000S\000t\000o\000p\000p\000i\000n\000g\000\051}{section.17}% 79
\BOOKMARK [2][-]{subsection.17.2}{\376\377\000A\000u\000m\000e\000n\000t\000o\000\040\000d\000e\000\040\000D\000a\000t\000o\000s\000\040\000\050\000D\000a\000t\000a\000\040\000A\000u\000g\000m\000e\000n\000t\000a\000t\000i\000o\000n\000\051}{section.17}% 80
\BOOKMARK [2][-]{subsection.17.3}{\376\377\000I\000n\000i\000c\000i\000a\000l\000i\000z\000a\000c\000i\000\363\000n\000\040\000d\000e\000\040\000P\000e\000s\000o\000s}{section.17}% 81
\BOOKMARK [1][-]{section.18}{\376\377\000R\000e\000d\000e\000s\000\040\000C\000o\000n\000v\000o\000l\000u\000c\000i\000o\000n\000a\000l\000e\000s\000\040\000\050\000C\000o\000n\000v\000o\000l\000u\000t\000i\000o\000n\000a\000l\000\040\000N\000e\000u\000r\000a\000l\000\040\000N\000e\000t\000w\000o\000r\000k\000s\000\040\000-\000\040\000C\000N\000N\000s\000\051}{}% 82
\BOOKMARK [2][-]{subsection.18.1}{\376\377\000I\000n\000t\000r\000o\000d\000u\000c\000c\000i\000\363\000n}{section.18}% 83
\BOOKMARK [2][-]{subsection.18.2}{\376\377\000M\000o\000t\000i\000v\000a\000c\000i\000\363\000n\000:\000\040\000L\000i\000m\000i\000t\000a\000c\000i\000o\000n\000e\000s\000\040\000d\000e\000\040\000l\000a\000s\000\040\000R\000e\000d\000e\000s\000\040\000T\000o\000t\000a\000l\000m\000e\000n\000t\000e\000\040\000C\000o\000n\000e\000c\000t\000a\000d\000a\000s\000\040\000p\000a\000r\000a\000\040\000I\000m\000\341\000g\000e\000n\000e\000s}{section.18}% 84
\BOOKMARK [2][-]{subsection.18.3}{\376\377\000T\000a\000r\000e\000a\000s\000\040\000d\000e\000\040\000V\000i\000s\000i\000\363\000n\000\040\000A\000r\000t\000i\000f\000i\000c\000i\000a\000l}{section.18}% 85
\BOOKMARK [2][-]{subsection.18.4}{\376\377\000H\000i\000s\000t\000o\000r\000i\000a\000\040\000B\000r\000e\000v\000e\000\040\000d\000e\000\040\000l\000a\000s\000\040\000C\000N\000N\000s}{section.18}% 86
\BOOKMARK [2][-]{subsection.18.5}{\376\377\000E\000s\000t\000r\000u\000c\000t\000u\000r\000a\000\040\000G\000e\000n\000e\000r\000a\000l\000\040\000d\000e\000\040\000u\000n\000a\000\040\000C\000N\000N}{section.18}% 87
\BOOKMARK [1][-]{section.19}{\376\377\000D\000i\000s\000e\000\361\000o\000\040\000d\000e\000\040\000A\000r\000q\000u\000i\000t\000e\000c\000t\000u\000r\000a\000s\000\040\000d\000e\000\040\000R\000e\000d\000e\000s\000\040\000C\000o\000n\000v\000o\000l\000u\000c\000i\000o\000n\000a\000l\000e\000s}{}% 88
\BOOKMARK [2][-]{subsection.19.1}{\376\377\000A\000r\000q\000u\000i\000t\000e\000c\000t\000u\000r\000a\000\040\000G\000e\000n\000e\000r\000a\000l}{section.19}% 89
\BOOKMARK [2][-]{subsection.19.2}{\376\377\000C\000o\000m\000p\000o\000n\000e\000n\000t\000e\000s\000\040\000C\000l\000a\000v\000e\000\040\000y\000\040\000s\000u\000s\000\040\000H\000i\000p\000e\000r\000p\000a\000r\000\341\000m\000e\000t\000r\000o\000s}{section.19}% 90
\BOOKMARK [3][-]{subsubsection.19.2.1}{\376\377\000C\000a\000p\000a\000\040\000C\000o\000n\000v\000o\000l\000u\000c\000i\000o\000n\000a\000l\000\040\000\050\000C\000O\000N\000V\000\051}{subsection.19.2}% 91
\BOOKMARK [3][-]{subsubsection.19.2.2}{\376\377\000C\000a\000p\000a\000\040\000d\000e\000\040\000P\000o\000o\000l\000i\000n\000g\000\040\000\050\000P\000O\000O\000L\000\051}{subsection.19.2}% 92
\BOOKMARK [3][-]{subsubsection.19.2.3}{\376\377\000C\000a\000p\000a\000\040\000T\000o\000t\000a\000l\000m\000e\000n\000t\000e\000\040\000C\000o\000n\000e\000c\000t\000a\000d\000a\000\040\000\050\000F\000C\000\051}{subsection.19.2}% 93
\BOOKMARK [3][-]{subsubsection.19.2.4}{\376\377\000C\000a\000p\000a\000\040\000d\000e\000\040\000A\000p\000l\000a\000n\000a\000m\000i\000e\000n\000t\000o\000\040\000\050\000F\000l\000a\000t\000t\000e\000n\000\051}{subsection.19.2}% 94
\BOOKMARK [3][-]{subsubsection.19.2.5}{\376\377\000C\000a\000p\000a\000\040\000d\000e\000\040\000A\000g\000r\000u\000p\000a\000m\000i\000e\000n\000t\000o\000\040\000G\000l\000o\000b\000a\000l\000\040\000\050\000G\000l\000o\000b\000a\000l\000\040\000P\000o\000o\000l\000i\000n\000g\000\051}{subsection.19.2}% 95
\BOOKMARK [2][-]{subsection.19.3}{\376\377\000R\000e\000c\000o\000m\000e\000n\000d\000a\000c\000i\000o\000n\000e\000s\000\040\000G\000e\000n\000e\000r\000a\000l\000e\000s\000\040\000p\000a\000r\000a\000\040\000e\000l\000\040\000D\000i\000s\000e\000\361\000o}{section.19}% 96
\BOOKMARK [1][-]{section.20}{\376\377\000P\000r\000i\000n\000c\000i\000p\000a\000l\000e\000s\000\040\000A\000r\000q\000u\000i\000t\000e\000c\000t\000u\000r\000a\000s\000\040\000d\000e\000\040\000R\000e\000d\000e\000s\000\040\000C\000o\000n\000v\000o\000l\000u\000c\000i\000o\000n\000a\000l\000e\000s}{}% 97
\BOOKMARK [2][-]{subsection.20.1}{\376\377\000I\000m\000a\000g\000e\000N\000e\000t\000\040\000y\000\040\000e\000l\000\040\000I\000L\000S\000V\000R\000C}{section.20}% 98
\BOOKMARK [2][-]{subsection.20.2}{\376\377\000A\000r\000q\000u\000i\000t\000e\000c\000t\000u\000r\000a\000s\000\040\000C\000l\000a\000v\000e}{section.20}% 99
\BOOKMARK [3][-]{subsubsection.20.2.1}{\376\377\000L\000e\000N\000e\000t\000-\0005\000\040\000\050\0001\0009\0009\0008\000\051}{subsection.20.2}% 100
\BOOKMARK [3][-]{subsubsection.20.2.2}{\376\377\000A\000l\000e\000x\000N\000e\000t\000\040\000\050\0002\0000\0001\0002\000\051}{subsection.20.2}% 101
\BOOKMARK [3][-]{subsubsection.20.2.3}{\376\377\000Z\000F\000N\000e\000t\000\040\000\050\0002\0000\0001\0003\000\051}{subsection.20.2}% 102
\BOOKMARK [3][-]{subsubsection.20.2.4}{\376\377\000V\000G\000G\000N\000e\000t\000\040\000\050\0002\0000\0001\0004\000\051}{subsection.20.2}% 103
\BOOKMARK [3][-]{subsubsection.20.2.5}{\376\377\000G\000o\000o\000g\000L\000e\000N\000e\000t\000\040\000\050\000I\000n\000c\000e\000p\000t\000i\000o\000n\000\051\000\040\000\050\0002\0000\0001\0004\000\051}{subsection.20.2}% 104
\BOOKMARK [3][-]{subsubsection.20.2.6}{\376\377\000R\000e\000s\000N\000e\000t\000\040\000\050\000R\000e\000s\000i\000d\000u\000a\000l\000\040\000N\000e\000t\000w\000o\000r\000k\000\051\000\040\000\050\0002\0000\0001\0005\000\051}{subsection.20.2}% 105
\BOOKMARK [3][-]{subsubsection.20.2.7}{\376\377\000D\000e\000n\000s\000e\000N\000e\000t\000\040\000\050\000D\000e\000n\000s\000e\000l\000y\000\040\000C\000o\000n\000n\000e\000c\000t\000e\000d\000\040\000C\000o\000n\000v\000o\000l\000u\000t\000i\000o\000n\000a\000l\000\040\000N\000e\000t\000w\000o\000r\000k\000\051\000\040\000\050\0002\0000\0001\0007\000\051}{subsection.20.2}% 106
\BOOKMARK [3][-]{subsubsection.20.2.8}{\376\377\000M\000o\000b\000i\000l\000e\000N\000e\000t\000\040\000\050\0002\0000\0001\0007\000\051}{subsection.20.2}% 107
\BOOKMARK [3][-]{subsubsection.20.2.9}{\376\377\000E\000f\000f\000i\000c\000i\000e\000n\000t\000N\000e\000t\000\040\000\050\0002\0000\0001\0009\000\051}{subsection.20.2}% 108
\BOOKMARK [3][-]{subsubsection.20.2.10}{\376\377\000V\000i\000s\000i\000o\000n\000\040\000T\000r\000a\000n\000s\000f\000o\000r\000m\000e\000r\000s\000\040\000\050\000V\000i\000T\000\051\000\040\000\050\0002\0000\0002\0000\000\051}{subsection.20.2}% 109
\BOOKMARK [1][-]{section.21}{\376\377\000E\000n\000t\000r\000e\000n\000a\000m\000i\000e\000n\000t\000o\000\040\000y\000\040\000V\000i\000s\000u\000a\000l\000i\000z\000a\000c\000i\000\363\000n\000\040\000d\000e\000\040\000R\000e\000d\000e\000s\000\040\000C\000o\000n\000v\000o\000l\000u\000c\000i\000o\000n\000a\000l\000e\000s}{}% 110
\BOOKMARK [2][-]{subsection.21.1}{\376\377\000E\000n\000t\000r\000e\000n\000a\000m\000i\000e\000n\000t\000o\000\040\000d\000e\000\040\000u\000n\000a\000\040\000C\000N\000N\000:\000\040\000R\000e\000p\000a\000s\000o\000\040\000y\000\040\000C\000o\000n\000s\000i\000d\000e\000r\000a\000c\000i\000o\000n\000e\000s}{section.21}% 111
\BOOKMARK [2][-]{subsection.21.2}{\376\377\000H\000i\000p\000e\000r\000p\000a\000r\000\341\000m\000e\000t\000r\000o\000s\000\040\000v\000s\000.\000\040\000P\000a\000r\000\341\000m\000e\000t\000r\000o\000s}{section.21}% 112
\BOOKMARK [2][-]{subsection.21.3}{\376\377\000E\000s\000t\000r\000a\000t\000e\000g\000i\000a\000s\000\040\000p\000a\000r\000a\000\040\000E\000v\000i\000t\000a\000r\000\040\000e\000l\000\040\000S\000o\000b\000r\000e\000a\000j\000u\000s\000t\000e}{section.21}% 113
\BOOKMARK [2][-]{subsection.21.4}{\376\377\000A\000u\000m\000e\000n\000t\000o\000\040\000d\000e\000\040\000D\000a\000t\000o\000s\000\040\000\050\000D\000a\000t\000a\000\040\000A\000u\000g\000m\000e\000n\000t\000a\000t\000i\000o\000n\000\051}{section.21}% 114
\BOOKMARK [2][-]{subsection.21.5}{\376\377\000T\000i\000p\000o\000s\000\040\000d\000e\000\040\000E\000n\000t\000r\000e\000n\000a\000m\000i\000e\000n\000t\000o}{section.21}% 115
\BOOKMARK [2][-]{subsection.21.6}{\376\377\000C\000o\000n\000j\000u\000n\000t\000o\000s\000\040\000d\000e\000\040\000D\000a\000t\000o\000s\000\040\000C\000o\000m\000u\000n\000e\000s\000\040\000p\000a\000r\000a\000\040\000V\000i\000s\000i\000\363\000n\000\040\000A\000r\000t\000i\000f\000i\000c\000i\000a\000l}{section.21}% 116
\BOOKMARK [2][-]{subsection.21.7}{\376\377\000V\000i\000s\000u\000a\000l\000i\000z\000a\000c\000i\000\363\000n\000\040\000d\000e\000\040\000R\000e\000d\000e\000s\000\040\000C\000o\000n\000v\000o\000l\000u\000c\000i\000o\000n\000a\000l\000e\000s}{section.21}% 117
\BOOKMARK [1][-]{section.22}{\376\377\000R\000e\000d\000e\000s\000\040\000C\000o\000n\000v\000o\000l\000u\000c\000i\000o\000n\000a\000l\000e\000s\000\040\000p\000a\000r\000a\000\040\000D\000e\000t\000e\000c\000c\000i\000\363\000n\000\040\000d\000e\000\040\000O\000b\000j\000e\000t\000o\000s}{}% 118
\BOOKMARK [2][-]{subsection.22.1}{\376\377\000D\000i\000f\000e\000r\000e\000n\000c\000i\000a\000s\000\040\000e\000n\000t\000r\000e\000\040\000C\000l\000a\000s\000i\000f\000i\000c\000a\000c\000i\000\363\000n\000\040\000y\000\040\000D\000e\000t\000e\000c\000c\000i\000\363\000n}{section.22}% 119
\BOOKMARK [2][-]{subsection.22.2}{\376\377\000C\000o\000m\000p\000o\000n\000e\000n\000t\000e\000s\000\040\000d\000e\000\040\000u\000n\000\040\000S\000i\000s\000t\000e\000m\000a\000\040\000d\000e\000\040\000D\000e\000t\000e\000c\000c\000i\000\363\000n\000\040\000d\000e\000\040\000O\000b\000j\000e\000t\000o\000s}{section.22}% 120
\BOOKMARK [2][-]{subsection.22.3}{\376\377\000P\000r\000o\000p\000u\000e\000s\000t\000a\000\040\000d\000e\000\040\000R\000e\000g\000i\000o\000n\000e\000s}{section.22}% 121
\BOOKMARK [2][-]{subsection.22.4}{\376\377\000P\000r\000e\000d\000i\000c\000c\000i\000o\000n\000e\000s\000\040\000d\000e\000\040\000l\000a\000\040\000R\000e\000d}{section.22}% 122
\BOOKMARK [2][-]{subsection.22.5}{\376\377\000S\000u\000p\000r\000e\000s\000i\000\363\000n\000\040\000N\000o\000\040\000M\000\341\000x\000i\000m\000a\000\040\000\050\000N\000o\000n\000-\000M\000a\000x\000i\000m\000u\000m\000\040\000S\000u\000p\000p\000r\000e\000s\000s\000i\000o\000n\000,\000\040\000N\000M\000S\000\051}{section.22}% 123
\BOOKMARK [2][-]{subsection.22.6}{\376\377\000M\000\351\000t\000r\000i\000c\000a\000s\000\040\000d\000e\000\040\000E\000v\000a\000l\000u\000a\000c\000i\000\363\000n}{section.22}% 124
\BOOKMARK [2][-]{subsection.22.7}{\376\377\000C\000o\000n\000j\000u\000n\000t\000o\000s\000\040\000d\000e\000\040\000D\000a\000t\000o\000s\000\040\000p\000a\000r\000a\000\040\000D\000e\000t\000e\000c\000c\000i\000\363\000n\000\040\000d\000e\000\040\000O\000b\000j\000e\000t\000o\000s}{section.22}% 125
\BOOKMARK [2][-]{subsection.22.8}{\376\377\000M\000\351\000t\000o\000d\000o\000s\000\040\000d\000e\000\040\000D\000e\000t\000e\000c\000c\000i\000\363\000n\000\040\000d\000e\000\040\000O\000b\000j\000e\000t\000o\000s}{section.22}% 126
\BOOKMARK [2][-]{subsection.22.9}{\376\377\000F\000a\000m\000i\000l\000i\000a\000\040\000R\000-\000C\000N\000N\000:\000\040\000M\000\351\000t\000o\000d\000o\000s\000\040\000d\000e\000\040\000D\000o\000s\000\040\000E\000t\000a\000p\000a\000s}{section.22}% 127
\BOOKMARK [2][-]{subsection.22.10}{\376\377\000Y\000O\000L\000O\000\040\000y\000\040\000S\000S\000D\000:\000\040\000M\000\351\000t\000o\000d\000o\000s\000\040\000d\000e\000\040\000U\000n\000a\000\040\000E\000t\000a\000p\000a}{section.22}% 128
\BOOKMARK [1][-]{section.23}{\376\377\000R\000e\000d\000e\000s\000\040\000C\000o\000n\000v\000o\000l\000u\000c\000i\000o\000n\000a\000l\000e\000s\000\040\000p\000a\000r\000a\000\040\000S\000e\000g\000m\000e\000n\000t\000a\000c\000i\000\363\000n\000\040\000S\000e\000m\000\341\000n\000t\000i\000c\000a}{}% 129
\BOOKMARK [2][-]{subsection.23.1}{\376\377\000C\000o\000n\000c\000e\000p\000t\000o\000s\000\040\000C\000l\000a\000v\000e}{section.23}% 130
\BOOKMARK [2][-]{subsection.23.2}{\376\377\000A\000r\000q\000u\000i\000t\000e\000c\000t\000u\000r\000a\000s\000\040\000p\000a\000r\000a\000\040\000S\000e\000g\000m\000e\000n\000t\000a\000c\000i\000\363\000n\000\040\000S\000e\000m\000\341\000n\000t\000i\000c\000a}{section.23}% 131
\BOOKMARK [3][-]{subsubsection.23.2.1}{\376\377\000R\000e\000d\000e\000s\000\040\000C\000o\000m\000p\000l\000e\000t\000a\000m\000e\000n\000t\000e\000\040\000C\000o\000n\000v\000o\000l\000u\000c\000i\000o\000n\000a\000l\000e\000s\000\040\000\050\000F\000u\000l\000l\000y\000\040\000C\000o\000n\000v\000o\000l\000u\000t\000i\000o\000n\000a\000l\000\040\000N\000e\000t\000w\000o\000r\000k\000s\000\040\000-\000\040\000F\000C\000N\000s\000\051}{subsection.23.2}% 132
\BOOKMARK [3][-]{subsubsection.23.2.2}{\376\377\000O\000p\000e\000r\000a\000c\000i\000o\000n\000e\000s\000\040\000d\000e\000\040\000U\000p\000s\000a\000m\000p\000l\000i\000n\000g}{subsection.23.2}% 133
\BOOKMARK [3][-]{subsubsection.23.2.3}{\376\377\000A\000r\000q\000u\000i\000t\000e\000c\000t\000u\000r\000a\000s\000\040\000C\000o\000d\000i\000f\000i\000c\000a\000d\000o\000r\000-\000D\000e\000c\000o\000d\000i\000f\000i\000c\000a\000d\000o\000r}{subsection.23.2}% 134
\BOOKMARK [2][-]{subsection.23.3}{\376\377\000M\000\351\000t\000r\000i\000c\000a\000s\000\040\000d\000e\000\040\000E\000v\000a\000l\000u\000a\000c\000i\000\363\000n}{section.23}% 135
\BOOKMARK [2][-]{subsection.23.4}{\376\377\000F\000u\000n\000c\000i\000o\000n\000e\000s\000\040\000d\000e\000\040\000P\000\351\000r\000d\000i\000d\000a}{section.23}% 136
\BOOKMARK [2][-]{subsection.23.5}{\376\377\000C\000o\000n\000j\000u\000n\000t\000o\000s\000\040\000d\000e\000\040\000D\000a\000t\000o\000s}{section.23}% 137
\BOOKMARK [1][-]{section.24}{\376\377\000S\000e\000g\000m\000e\000n\000t\000a\000c\000i\000\363\000n\000\040\000d\000e\000\040\000I\000n\000s\000t\000a\000n\000c\000i\000a\000s\000\040\000y\000\040\000S\000e\000g\000m\000e\000n\000t\000a\000c\000i\000\363\000n\000\040\000P\000a\000n\000\363\000p\000t\000i\000c\000a}{}% 138
\BOOKMARK [2][-]{subsection.24.1}{\376\377\000S\000e\000g\000m\000e\000n\000t\000a\000c\000i\000\363\000n\000\040\000d\000e\000\040\000I\000n\000s\000t\000a\000n\000c\000i\000a\000s}{section.24}% 139
\BOOKMARK [3][-]{subsubsection.24.1.1}{\376\377\000M\000a\000s\000k\000\040\000R\000-\000C\000N\000N}{subsection.24.1}% 140
\BOOKMARK [2][-]{subsection.24.2}{\376\377\000S\000e\000g\000m\000e\000n\000t\000a\000c\000i\000\363\000n\000\040\000P\000a\000n\000\363\000p\000t\000i\000c\000a}{section.24}% 141
\BOOKMARK [2][-]{subsection.24.3}{\376\377\000M\000\351\000t\000r\000i\000c\000a\000s\000\040\000d\000e\000\040\000E\000v\000a\000l\000u\000a\000c\000i\000\363\000n}{section.24}% 142
\BOOKMARK [2][-]{subsection.24.4}{\376\377\000C\000o\000n\000j\000u\000n\000t\000o\000s\000\040\000d\000e\000\040\000D\000a\000t\000o\000s}{section.24}% 143
\BOOKMARK [2][-]{subsection.24.5}{\376\377\000M\000o\000d\000e\000l\000o\000s\000\040\000A\000v\000a\000n\000z\000a\000d\000o\000s\000:\000\040\000O\000n\000e\000F\000o\000r\000m\000e\000r}{section.24}% 144
\BOOKMARK [1][-]{section.25}{\376\377\000R\000e\000d\000e\000s\000\040\000N\000e\000u\000r\000o\000n\000a\000l\000e\000s\000\040\000R\000e\000c\000u\000r\000r\000e\000n\000t\000e\000s\000\040\000\050\000R\000N\000N\000s\000\051\000:\000\040\000F\000u\000n\000d\000a\000m\000e\000n\000t\000o\000s\000\040\000y\000\040\000A\000r\000q\000u\000i\000t\000e\000c\000t\000u\000r\000a\000s}{}% 145
\BOOKMARK [2][-]{subsection.25.1}{\376\377\000I\000n\000t\000r\000o\000d\000u\000c\000c\000i\000\363\000n}{section.25}% 146
\BOOKMARK [2][-]{subsection.25.2}{\376\377\000\277\000Q\000u\000\351\000\040\000s\000o\000n\000\040\000l\000a\000s\000\040\000R\000N\000N\000s\000?}{section.25}% 147
\BOOKMARK [2][-]{subsection.25.3}{\376\377\000\277\000P\000a\000r\000a\000\040\000q\000u\000\351\000\040\000s\000i\000r\000v\000e\000n\000\040\000l\000a\000s\000\040\000R\000N\000N\000s\000?}{section.25}% 148
\BOOKMARK [2][-]{subsection.25.4}{\376\377\000F\000o\000r\000m\000u\000l\000a\000c\000i\000\363\000n\000\040\000M\000a\000t\000e\000m\000\341\000t\000i\000c\000a\000\040\000d\000e\000\040\000u\000n\000a\000\040\000R\000N\000N\000\040\000S\000i\000m\000p\000l\000e}{section.25}% 149
\BOOKMARK [2][-]{subsection.25.5}{\376\377\000D\000e\000s\000p\000l\000i\000e\000g\000u\000e\000\040\000e\000n\000\040\000e\000l\000\040\000T\000i\000e\000m\000p\000o\000\040\000\050\000U\000n\000f\000o\000l\000d\000i\000n\000g\000\051}{section.25}% 150
\BOOKMARK [2][-]{subsection.25.6}{\376\377\000E\000n\000t\000r\000e\000n\000a\000m\000i\000e\000n\000t\000o\000\040\000d\000e\000\040\000u\000n\000a\000\040\000R\000N\000N\000\040\000B\000a\000c\000k\000p\000r\000o\000p\000a\000g\000a\000t\000i\000o\000n\000\040\000T\000h\000r\000o\000u\000g\000h\000\040\000T\000i\000m\000e\000\040\000\050\000B\000P\000T\000T\000\051}{section.25}% 151
\BOOKMARK [2][-]{subsection.25.7}{\376\377\000D\000e\000s\000a\000f\000\355\000o\000s\000\040\000d\000e\000l\000\040\000E\000n\000t\000r\000e\000n\000a\000m\000i\000e\000n\000t\000o\000\040\000d\000e\000\040\000R\000N\000N\000s\000:\000\040\000D\000e\000s\000v\000a\000n\000e\000c\000i\000m\000i\000e\000n\000t\000o\000\040\000y\000\040\000E\000x\000p\000l\000o\000s\000i\000\363\000n\000\040\000d\000e\000l\000\040\000G\000r\000a\000d\000i\000e\000n\000t\000e}{section.25}% 152
\BOOKMARK [2][-]{subsection.25.8}{\376\377\000T\000i\000p\000o\000s\000\040\000d\000e\000\040\000A\000r\000q\000u\000i\000t\000e\000c\000t\000u\000r\000a\000s\000\040\000R\000N\000N}{section.25}% 153
\BOOKMARK [1][-]{section.26}{\376\377\000R\000e\000d\000e\000s\000\040\000R\000e\000c\000u\000r\000r\000e\000n\000t\000e\000s\000:\000\040\000G\000R\000U\000,\000\040\000L\000S\000T\000M\000\040\000y\000\040\000B\000i\000d\000i\000r\000e\000c\000c\000i\000o\000n\000a\000l\000e\000s}{}% 154
\BOOKMARK [2][-]{subsection.26.1}{\376\377\000G\000a\000t\000e\000d\000\040\000R\000e\000c\000u\000r\000r\000e\000n\000t\000\040\000U\000n\000i\000t\000\040\000\050\000G\000R\000U\000\051}{section.26}% 155
\BOOKMARK [3][-]{subsubsection.26.1.1}{\376\377\000C\000o\000m\000p\000o\000n\000e\000n\000t\000e\000s\000\040\000d\000e\000\040\000u\000n\000a\000\040\000G\000R\000U}{subsection.26.1}% 156
\BOOKMARK [3][-]{subsubsection.26.1.2}{\376\377\000E\000c\000u\000a\000c\000i\000o\000n\000e\000s\000\040\000d\000e\000\040\000u\000n\000a\000\040\000G\000R\000U}{subsection.26.1}% 157
\BOOKMARK [2][-]{subsection.26.2}{\376\377\000L\000o\000n\000g\000\040\000S\000h\000o\000r\000t\000-\000T\000e\000r\000m\000\040\000M\000e\000m\000o\000r\000y\000\040\000\050\000L\000S\000T\000M\000\051}{section.26}% 158
\BOOKMARK [3][-]{subsubsection.26.2.1}{\376\377\000C\000o\000m\000p\000o\000n\000e\000n\000t\000e\000s\000\040\000d\000e\000\040\000u\000n\000a\000\040\000L\000S\000T\000M}{subsection.26.2}% 159
\BOOKMARK [3][-]{subsubsection.26.2.2}{\376\377\000E\000c\000u\000a\000c\000i\000o\000n\000e\000s\000\040\000d\000e\000\040\000u\000n\000a\000\040\000L\000S\000T\000M}{subsection.26.2}% 160
\BOOKMARK [2][-]{subsection.26.3}{\376\377\000R\000N\000N\000s\000\040\000B\000i\000d\000i\000r\000e\000c\000c\000i\000o\000n\000a\000l\000e\000s\000\040\000\050\000B\000i\000d\000i\000r\000e\000c\000t\000i\000o\000n\000a\000l\000\040\000R\000N\000N\000s\000\040\000-\000\040\000B\000R\000N\000N\000s\000\051}{section.26}% 161
\BOOKMARK [1][-]{section.27}{\376\377\000T\000r\000a\000n\000s\000f\000o\000r\000m\000e\000r\000s\000\040\000y\000\040\000M\000e\000c\000a\000n\000i\000s\000m\000o\000s\000\040\000d\000e\000\040\000A\000t\000e\000n\000c\000i\000\363\000n}{}% 162
\BOOKMARK [2][-]{subsection.27.1}{\376\377\000M\000o\000t\000i\000v\000a\000c\000i\000\363\000n\000:\000\040\000L\000i\000m\000i\000t\000a\000c\000i\000o\000n\000e\000s\000\040\000d\000e\000\040\000l\000a\000s\000\040\000R\000N\000N\000s\000\040\000e\000n\000\040\000S\000e\000c\000u\000e\000n\000c\000i\000a\000s\000\040\000L\000a\000r\000g\000a\000s}{section.27}% 163
\BOOKMARK [2][-]{subsection.27.2}{\376\377\000M\000e\000c\000a\000n\000i\000s\000m\000o\000s\000\040\000d\000e\000\040\000A\000t\000e\000n\000c\000i\000\363\000n\000\040\000\050\000A\000t\000t\000e\000n\000t\000i\000o\000n\000\040\000M\000e\000c\000h\000a\000n\000i\000s\000m\000s\000\051}{section.27}% 164
\BOOKMARK [2][-]{subsection.27.3}{\376\377\000S\000e\000l\000f\000-\000A\000t\000t\000e\000n\000t\000i\000o\000n\000\040\000\050\000A\000u\000t\000o\000-\000A\000t\000e\000n\000c\000i\000\363\000n\000\051}{section.27}% 165
\BOOKMARK [3][-]{subsubsection.27.3.1}{\376\377\000C\000o\000m\000p\000o\000n\000e\000n\000t\000e\000s\000\040\000d\000e\000\040\000S\000e\000l\000f\000-\000A\000t\000t\000e\000n\000t\000i\000o\000n}{subsection.27.3}% 166
\BOOKMARK [3][-]{subsubsection.27.3.2}{\376\377\000C\000\341\000l\000c\000u\000l\000o\000\040\000d\000e\000\040\000l\000a\000\040\000A\000t\000e\000n\000c\000i\000\363\000n}{subsection.27.3}% 167
\BOOKMARK [2][-]{subsection.27.4}{\376\377\000M\000e\000j\000o\000r\000a\000s\000\040\000a\000l\000\040\000S\000e\000l\000f\000-\000A\000t\000t\000e\000n\000t\000i\000o\000n\000\040\000B\000\341\000s\000i\000c\000o\000\040\000\050\000U\000t\000i\000l\000i\000z\000a\000d\000a\000s\000\040\000e\000n\000\040\000l\000o\000s\000\040\000T\000r\000a\000n\000s\000f\000o\000r\000m\000e\000r\000s\000\051}{section.27}% 168
\BOOKMARK [2][-]{subsection.27.5}{\376\377\000C\000r\000o\000s\000s\000-\000A\000t\000t\000e\000n\000t\000i\000o\000n}{section.27}% 169
\BOOKMARK [2][-]{subsection.27.6}{\376\377\000R\000e\000s\000u\000m\000e\000n\000\040\000d\000e\000\040\000S\000e\000l\000f\000-\000A\000t\000t\000e\000n\000t\000i\000o\000n\000\040\000\050\000c\000o\000n\000\040\000m\000e\000j\000o\000r\000a\000s\000\051}{section.27}% 170
\BOOKMARK [1][-]{section.28}{\376\377\000T\000r\000a\000n\000s\000f\000o\000r\000m\000e\000r\000s\000:\000\040\000A\000r\000q\000u\000i\000t\000e\000c\000t\000u\000r\000a\000\040\000y\000\040\000A\000p\000l\000i\000c\000a\000c\000i\000o\000n\000e\000s}{}% 171
\BOOKMARK [2][-]{subsection.28.1}{\376\377\000A\000r\000q\000u\000i\000t\000e\000c\000t\000u\000r\000a\000\040\000d\000e\000l\000\040\000T\000r\000a\000n\000s\000f\000o\000r\000m\000e\000r}{section.28}% 172
\BOOKMARK [3][-]{subsubsection.28.1.1}{\376\377\000E\000n\000c\000o\000d\000e\000r\000-\000D\000e\000c\000o\000d\000e\000r}{subsection.28.1}% 173
\BOOKMARK [3][-]{subsubsection.28.1.2}{\376\377\000C\000o\000m\000p\000o\000n\000e\000n\000t\000e\000s\000\040\000d\000e\000l\000\040\000E\000n\000c\000o\000d\000e\000r}{subsection.28.1}% 174
\BOOKMARK [3][-]{subsubsection.28.1.3}{\376\377\000C\000o\000m\000p\000o\000n\000e\000n\000t\000e\000s\000\040\000d\000e\000l\000\040\000D\000e\000c\000o\000d\000e\000r}{subsection.28.1}% 175
\BOOKMARK [3][-]{subsubsection.28.1.4}{\376\377\000P\000o\000s\000i\000t\000i\000o\000n\000a\000l\000\040\000E\000n\000c\000o\000d\000i\000n\000g}{subsection.28.1}% 176
\BOOKMARK [2][-]{subsection.28.2}{\376\377\000V\000e\000n\000t\000a\000j\000a\000s\000\040\000d\000e\000\040\000l\000o\000s\000\040\000T\000r\000a\000n\000s\000f\000o\000r\000m\000e\000r\000s\000\040\000s\000o\000b\000r\000e\000\040\000l\000a\000s\000\040\000R\000N\000N\000s}{section.28}% 177
\BOOKMARK [2][-]{subsection.28.3}{\376\377\000A\000p\000l\000i\000c\000a\000c\000i\000o\000n\000e\000s\000\040\000d\000e\000\040\000l\000o\000s\000\040\000T\000r\000a\000n\000s\000f\000o\000r\000m\000e\000r\000s}{section.28}% 178
\BOOKMARK [1][-]{section.29}{\376\377\000A\000p\000r\000e\000n\000d\000i\000z\000a\000j\000e\000\040\000N\000o\000\040\000S\000u\000p\000e\000r\000v\000i\000s\000a\000d\000o\000\040\000y\000\040\000A\000u\000t\000o\000e\000n\000c\000o\000d\000e\000r\000s}{}% 179
\BOOKMARK [2][-]{subsection.29.1}{\376\377\000A\000p\000r\000e\000n\000d\000i\000z\000a\000j\000e\000\040\000N\000o\000\040\000S\000u\000p\000e\000r\000v\000i\000s\000a\000d\000o}{section.29}% 180
\BOOKMARK [2][-]{subsection.29.2}{\376\377\000A\000u\000t\000o\000e\000n\000c\000o\000d\000e\000r\000s}{section.29}% 181
\BOOKMARK [3][-]{subsubsection.29.2.1}{\376\377\000A\000r\000q\000u\000i\000t\000e\000c\000t\000u\000r\000a\000\040\000d\000e\000\040\000u\000n\000\040\000A\000u\000t\000o\000e\000n\000c\000o\000d\000e\000r}{subsection.29.2}% 182
\BOOKMARK [3][-]{subsubsection.29.2.2}{\376\377\000F\000u\000n\000c\000i\000\363\000n\000\040\000d\000e\000\040\000P\000\351\000r\000d\000i\000d\000a}{subsection.29.2}% 183
\BOOKMARK [3][-]{subsubsection.29.2.3}{\376\377\000D\000e\000e\000p\000\040\000A\000u\000t\000o\000e\000n\000c\000o\000d\000e\000r\000s}{subsection.29.2}% 184
\BOOKMARK [3][-]{subsubsection.29.2.4}{\376\377\000E\000j\000e\000m\000p\000l\000o\000:\000\040\000A\000u\000t\000o\000e\000n\000c\000o\000d\000e\000r\000\040\000p\000a\000r\000a\000\040\000M\000N\000I\000S\000T}{subsection.29.2}% 185
\BOOKMARK [2][-]{subsection.29.3}{\376\377\000A\000p\000l\000i\000c\000a\000c\000i\000o\000n\000e\000s\000\040\000d\000e\000\040\000l\000o\000s\000\040\000A\000u\000t\000o\000e\000n\000c\000o\000d\000e\000r\000s}{section.29}% 186
\BOOKMARK [2][-]{subsection.29.4}{\376\377\000I\000n\000t\000e\000r\000p\000o\000l\000a\000c\000i\000\363\000n\000\040\000e\000n\000\040\000e\000l\000\040\000E\000s\000p\000a\000c\000i\000o\000\040\000L\000a\000t\000e\000n\000t\000e}{section.29}% 187
\BOOKMARK [1][-]{section.30}{\376\377\000R\000e\000d\000e\000s\000\040\000G\000e\000n\000e\000r\000a\000t\000i\000v\000a\000s\000\040\000A\000d\000v\000e\000r\000s\000a\000r\000i\000a\000s\000\040\000\050\000G\000e\000n\000e\000r\000a\000t\000i\000v\000e\000\040\000A\000d\000v\000e\000r\000s\000a\000r\000i\000a\000l\000\040\000N\000e\000t\000w\000o\000r\000k\000s\000\040\000-\000\040\000G\000A\000N\000s\000\051}{}% 188
\BOOKMARK [2][-]{subsection.30.1}{\376\377\000I\000n\000t\000r\000o\000d\000u\000c\000c\000i\000\363\000n\000\040\000y\000\040\000M\000o\000t\000i\000v\000a\000c\000i\000\363\000n}{section.30}% 189
\BOOKMARK [2][-]{subsection.30.2}{\376\377\000C\000o\000n\000c\000e\000p\000t\000o\000\040\000d\000e\000\040\000G\000A\000N}{section.30}% 190
\BOOKMARK [2][-]{subsection.30.3}{\376\377\000A\000r\000q\000u\000i\000t\000e\000c\000t\000u\000r\000a\000\040\000y\000\040\000F\000u\000n\000c\000i\000o\000n\000a\000m\000i\000e\000n\000t\000o}{section.30}% 191
\BOOKMARK [2][-]{subsection.30.4}{\376\377\000E\000n\000t\000r\000e\000n\000a\000m\000i\000e\000n\000t\000o\000\040\000d\000e\000\040\000u\000n\000a\000\040\000G\000A\000N}{section.30}% 192
\BOOKMARK [2][-]{subsection.30.5}{\376\377\000P\000r\000o\000b\000l\000e\000m\000a\000s\000\040\000d\000e\000l\000\040\000E\000n\000t\000r\000e\000n\000a\000m\000i\000e\000n\000t\000o\000\040\000d\000e\000\040\000G\000A\000N\000s}{section.30}% 193
\BOOKMARK [2][-]{subsection.30.6}{\376\377\000A\000p\000l\000i\000c\000a\000c\000i\000o\000n\000e\000s\000\040\000d\000e\000\040\000l\000a\000s\000\040\000G\000A\000N\000s}{section.30}% 194
\BOOKMARK [2][-]{subsection.30.7}{\376\377\000T\000i\000p\000o\000s\000\040\000d\000e\000\040\000G\000A\000N\000s\000\040\000\050\000s\000o\000l\000o\000\040\000n\000o\000m\000b\000r\000a\000r\000,\000\040\000s\000i\000n\000\040\000d\000e\000t\000a\000l\000l\000e\000\051}{section.30}% 195
